[+] Containers:
 |- [+] Container: /Game/ThirdPerson/Maps/ThirdPersonMap
 |   |- [+] ActorDescs:
 |   |   |- Guid:0DF72B0B438300673D0BC39A3F64AF13 BaseClass:/Game/Actor/BP_Tide/BP_Tide_5.BP_Tide_5_C NativeClass:/Script/Engine.Actor Name:BP_Tide_5_C_UAID_A8A159B5737F5F9F01_1321798786 Label:BP_Tide_5 SpatiallyLoaded:1 Bounds:IsValid=true, Min=(X=2500.000 Y=400.000 Z=0.000), Max=(X=2700.000 Y=600.000 Z=10.000) RuntimeGrid:None EditorOnly:0 RuntimeOnly:0 HLODRelevant:0 FolderPath:BP_Tide FolderGuid:7E3850754142053E09F0419FC7920298
 |   |   |- Guid:17B5947540D8AC4F93C7F284F12C8E05 BaseClass:/Game/Actor/BP_TwoTone_Base.BP_TwoTone_Base_C NativeClass:/Script/Engine.Actor Name:BP_TwoTone_C_UAID_A8A159B5737F729F01_2050354129 Label:BP_TwoTone2 SpatiallyLoaded:1 Bounds:IsValid=true, Min=(X=5133.932 Y=977.861 Z=49.162), Max=(X=5433.932 Y=1277.861 Z=73.162) RuntimeGrid:None EditorOnly:0 RuntimeOnly:0 HLODRelevant:0 FolderPath:BP_TwoTone FolderGuid:513D28EF45B4F21966F4E686C3E25C81
 |   |   |- Guid:1FA829B54AE526DA973FDA99198F0E11 BaseClass:/Game/Actor/BP_Tide/BP_Tide_2.BP_Tide_2_C NativeClass:/Script/Engine.Actor Name:BP_Tide_2_C_UAID_A8A159B5737F5F9F01_1261356783 Label:BP_Tide_2 SpatiallyLoaded:1 Bounds:IsValid=true, Min=(X=1477.176 Y=399.381 Z=1.176), Max=(X=1677.176 Y=599.381 Z=11.176) RuntimeGrid:None EditorOnly:0 RuntimeOnly:0 HLODRelevant:0 FolderPath:BP_Tide FolderGuid:7E3850754142053E09F0419FC7920298
 |   |   |- Guid:2FB58999456391D349DC0F86DAC136ED BaseClass: NativeClass:/Script/Engine.SkyLight Name:SkyLight_1 Label:SkyLight SpatiallyLoaded:0 Bounds:IsValid=true, Min=(X=0.000 Y=0.000 Z=690.000), Max=(X=0.000 Y=0.000 Z=690.000) RuntimeGrid:None EditorOnly:0 RuntimeOnly:0 HLODRelevant:0 FolderPath:Lighting FolderGuid:963EC3EB4002CCE9759E2EBA541A873A
 |   |   |- Guid:316CF2A6494ACA4C0E4180A87D36AB8F BaseClass: NativeClass:/Script/Engine.ExponentialHeightFog Name:ExponentialHeightFog_0 Label:ExponentialHeightFog SpatiallyLoaded:0 Bounds:IsValid=true, Min=(X=-5600.000 Y=-50.000 Z=-6850.000), Max=(X=-5600.000 Y=-50.000 Z=-6850.000) RuntimeGrid:None EditorOnly:0 RuntimeOnly:0 HLODRelevant:0 FolderPath:Lighting FolderGuid:963EC3EB4002CCE9759E2EBA541A873A
 |   |   |- Guid:34785C5E4F380A13D0B8A483610E1122 BaseClass:/Game/Actor/BP_TwoTone_Base.BP_TwoTone_Base_C NativeClass:/Script/Engine.Actor Name:BP_TwoTone_C_UAID_A8A159B5737F729F01_2084352133 Label:BP_TwoTone6 SpatiallyLoaded:1 Bounds:IsValid=true, Min=(X=6133.932 Y=1877.861 Z=49.162), Max=(X=6433.932 Y=2177.861 Z=73.162) RuntimeGrid:None EditorOnly:0 RuntimeOnly:0 HLODRelevant:0 FolderPath:BP_TwoTone FolderGuid:513D28EF45B4F21966F4E686C3E25C81
 |   |   |- Guid:3E4700A3467E9C735D8DA7BCD11B7C8F BaseClass:/Game/Actor/BP_Rotation.BP_Rotation_C NativeClass:/Script/Engine.Actor Name:BP_Rotation_C_UAID_A8A159B5737F5F9F01_1730443789 Label:BP_Rotation SpatiallyLoaded:1 Bounds:IsValid=true, Min=(X=2670.000 Y=970.000 Z=40.000), Max=(X=4330.000 Y=2630.000 Z=550.000) RuntimeGrid:None EditorOnly:0 RuntimeOnly:0 HLODRelevant:0
 |   |   |- Guid:43E146FA4DBB3F23F6A4C0B6804C0EE7 BaseClass:/Game/Actor/BP_TwoTone_Base.BP_TwoTone_Base_C NativeClass:/Script/Engine.Actor Name:BP_TwoTone_C_UAID_A8A159B5737F729F01_2079067132 Label:BP_TwoTone5 SpatiallyLoaded:1 Bounds:IsValid=true, Min=(X=6133.932 Y=1427.861 Z=49.162), Max=(X=6433.932 Y=1727.861 Z=73.162) RuntimeGrid:None EditorOnly:0 RuntimeOnly:0 HLODRelevant:0 FolderPath:BP_TwoTone FolderGuid:513D28EF45B4F21966F4E686C3E25C81
 |   |   |- Guid:4D3BE93F4146AAAC8BBE79999D96D57F BaseClass: NativeClass:/Script/Engine.VolumetricCloud Name:VolumetricCloud_0 Label:VolumetricCloud SpatiallyLoaded:0 Bounds:IsValid=true, Min=(X=0.000 Y=0.000 Z=820.000), Max=(X=0.000 Y=0.000 Z=820.000) RuntimeGrid:None EditorOnly:0 RuntimeOnly:0 HLODRelevant:0 FolderPath:Lighting FolderGuid:963EC3EB4002CCE9759E2EBA541A873A
 |   |   |- Guid:50C34ED34A2C03628829D7B7BEF954E1 BaseClass: NativeClass:/Script/Engine.StaticMeshActor Name:StaticMeshActor_UAID_A8A159B5737F6D9F01_1836079247 Label:SM_Cube3 SpatiallyLoaded:1 Bounds:IsValid=true, Min=(X=3250.000 Y=2860.000 Z=-50.000), Max=(X=3750.000 Y=3360.000 Z=50.000) RuntimeGrid:None EditorOnly:0 RuntimeOnly:0 HLODRelevant:1
 |   |   |- Guid:599CDBDA44AAF1CDF7207CA32C51E631 BaseClass:/Game/Actor/BP_TwoTone_Base.BP_TwoTone_Base_C NativeClass:/Script/Engine.Actor Name:BP_TwoTone_C_UAID_A8A159B5737F729F01_2096681135 Label:BP_TwoTone8 SpatiallyLoaded:1 Bounds:IsValid=true, Min=(X=5133.932 Y=1877.861 Z=49.162), Max=(X=5433.932 Y=2177.861 Z=73.162) RuntimeGrid:None EditorOnly:0 RuntimeOnly:0 HLODRelevant:0 FolderPath:BP_TwoTone FolderGuid:513D28EF45B4F21966F4E686C3E25C81
 |   |   |- Guid:5BF41FEE4762CD336D5B33BCCC804FB5 BaseClass: NativeClass:/Script/Engine.StaticMeshActor Name:StaticMeshActor_UAID_A8A159B5737F5F9F01_1765625790 Label:SM_Cube2 SpatiallyLoaded:1 Bounds:IsValid=true, Min=(X=3250.000 Y=250.000 Z=-50.000), Max=(X=5925.000 Y=750.000 Z=50.000) RuntimeGrid:None EditorOnly:0 RuntimeOnly:0 HLODRelevant:1
 |   |   |- Guid:5CB3507646377DE66B5D64A81DE42269 BaseClass:/Game/Player/BP_Player.BP_Player_C NativeClass:/Script/Engine.Character Name:BP_Player_C_UAID_A8A159B5737F589F01_1619812553 Label:BP_Player SpatiallyLoaded:1 Bounds:IsValid=true, Min=(X=475.274 Y=621.000 Z=44.540), Max=(X=556.031 Y=681.520 Z=165.000) RuntimeGrid:None EditorOnly:0 RuntimeOnly:0 HLODRelevant:0 FolderPath:Player FolderGuid:FE20389B480AFA2A6ADE4EA66E66C4C6
 |   |   |- Guid:66FC32B84CD77CB7B2BE3CB2E9E20B19 BaseClass:/Game/Actor/BP_TwoTone_Base.BP_TwoTone_Base_C NativeClass:/Script/Engine.Actor Name:BP_TwoTone_C_UAID_A8A159B5737F729F01_2068415130 Label:BP_TwoTone3 SpatiallyLoaded:1 Bounds:IsValid=true, Min=(X=5133.932 Y=1427.861 Z=49.162), Max=(X=5433.932 Y=1727.861 Z=73.162) RuntimeGrid:None EditorOnly:0 RuntimeOnly:0 HLODRelevant:0 FolderPath:BP_TwoTone FolderGuid:513D28EF45B4F21966F4E686C3E25C81
 |   |   |- Guid:6AB9324D41F3F267CDAFBC9A6E6390D3 BaseClass:/Game/Actor/BP_Tide/BP_Tide_6.BP_Tide_6_C NativeClass:/Script/Engine.Actor Name:BP_Tide_6_C_UAID_A8A159B5737F5F9F01_1331095787 Label:BP_Tide_6 SpatiallyLoaded:1 Bounds:IsValid=true, Min=(X=2850.000 Y=400.000 Z=0.000), Max=(X=3050.000 Y=600.000 Z=10.000) RuntimeGrid:None EditorOnly:0 RuntimeOnly:0 HLODRelevant:0 FolderPath:BP_Tide FolderGuid:7E3850754142053E09F0419FC7920298
 |   |   |- Guid:6BAF4DDD444C60371492D3919DB42C97 BaseClass: NativeClass:/Script/Engine.WorldDataLayers Name:WorldDataLayers Label:WorldDataLayers SpatiallyLoaded:0 Bounds:IsValid=true, Min=(X=0.000 Y=0.000 Z=0.000), Max=(X=0.000 Y=0.000 Z=0.000) RuntimeGrid:None EditorOnly:0 RuntimeOnly:0 HLODRelevant:0
 |   |   |- Guid:7CC6357E47361CEECB6C44BF2E10D5B9 BaseClass: NativeClass:/Script/Engine.StaticMeshActor Name:StaticMeshActor_UAID_A8A159B5737F729F01_2110180136 Label:SM_Cube4 SpatiallyLoaded:1 Bounds:IsValid=true, Min=(X=6100.000 Y=2310.000 Z=-50.000), Max=(X=6600.000 Y=5110.000 Z=50.000) RuntimeGrid:None EditorOnly:0 RuntimeOnly:0 HLODRelevant:1
 |   |   |- Guid:9506765C4C7C0E70565EDDA124162B53 BaseClass:/Game/Actor/BP_TwoTone_Base.BP_TwoTone_Base_C NativeClass:/Script/Engine.Actor Name:BP_TwoTone_C_UAID_A8A159B5737F6F9F01_1540565600 Label:BP_TwoTone SpatiallyLoaded:1 Bounds:IsValid=true, Min=(X=5633.932 Y=977.861 Z=49.162), Max=(X=5933.932 Y=1277.861 Z=73.162) RuntimeGrid:None EditorOnly:0 RuntimeOnly:0 HLODRelevant:0 FolderPath:BP_TwoTone FolderGuid:513D28EF45B4F21966F4E686C3E25C81
 |   |   |- Guid:9E1D24CA436F34A6212CF9B72C67A731 BaseClass:/Game/Actor/BP_Star.BP_Star_C NativeClass:/Script/Engine.Actor Name:BP_Star_C_UAID_A8A159B5737F629F01_1596238319 Label:BP_Star SpatiallyLoaded:1 Bounds:IsValid=true, Min=(X=4140.000 Y=1740.000 Z=20.000), Max=(X=4260.000 Y=1860.000 Z=140.000) RuntimeGrid:None EditorOnly:0 RuntimeOnly:0 HLODRelevant:0 FolderPath:BP_Star FolderGuid:E40C7DAF42A612D7FE288FBD2D02D652
 |   |   |- Guid:A15F5B144DDA22BA1FCBC9AE1AFE5F30 BaseClass:/Game/Actor/BP_Tide/BP_Tide_3.BP_Tide_3_C NativeClass:/Script/Engine.Actor Name:BP_Tide_3_C_UAID_A8A159B5737F5F9F01_1274736784 Label:BP_Tide_3 SpatiallyLoaded:1 Bounds:IsValid=true, Min=(X=1800.000 Y=400.000 Z=0.000), Max=(X=2000.000 Y=600.000 Z=10.000) RuntimeGrid:None EditorOnly:0 RuntimeOnly:0 HLODRelevant:0 FolderPath:BP_Tide FolderGuid:7E3850754142053E09F0419FC7920298
 |   |   |- Guid:A5228B6B426655C3B2DB699FF2E5D1A5 BaseClass:/Game/Actor/BP_Overturn.BP_Overturn_C NativeClass:/Script/Engine.Actor Name:BP_Overturn_C_UAID_A8A159B5737F04A001_1653772036 Label:BP_Overturn SpatiallyLoaded:1 Bounds:IsValid=true, Min=(X=300.000 Y=1100.000 Z=50.000), Max=(X=700.000 Y=1500.000 Z=71.000) RuntimeGrid:None EditorOnly:0 RuntimeOnly:0 HLODRelevant:0
 |   |   |- Guid:B135875F4AF07DE3AA8F2E86B41D0B19 BaseClass:/Game/Actor/BP_TwoTone_Base.BP_TwoTone_Base_C NativeClass:/Script/Engine.Actor Name:BP_TwoTone_C_UAID_A8A159B5737F729F01_2094577134 Label:BP_TwoTone7 SpatiallyLoaded:1 Bounds:IsValid=true, Min=(X=5633.932 Y=1877.861 Z=49.162), Max=(X=5933.932 Y=2177.861 Z=73.162) RuntimeGrid:None EditorOnly:0 RuntimeOnly:0 HLODRelevant:0 FolderPath:BP_TwoTone FolderGuid:513D28EF45B4F21966F4E686C3E25C81
 |   |   |- Guid:B785ED2844B84CFB91E7F39FE661CD99 BaseClass: NativeClass:/Script/Engine.DirectionalLight Name:DirectionalLight_0 Label:DirectionalLight SpatiallyLoaded:0 Bounds:IsValid=true, Min=(X=-1048576.000 Y=-1048576.000 Z=-1048576.000), Max=(X=1048576.000 Y=1048576.000 Z=1048576.000) RuntimeGrid:None EditorOnly:0 RuntimeOnly:0 HLODRelevant:0 FolderPath:Lighting FolderGuid:963EC3EB4002CCE9759E2EBA541A873A
 |   |   |- Guid:C463AFB241A43890420AAC88DBD91E62 BaseClass:/Game/Actor/BP_Star.BP_Star_C NativeClass:/Script/Engine.Actor Name:BP_Star_C_UAID_A8A159B5737F639F01_1141111496 Label:BP_Star2 SpatiallyLoaded:1 Bounds:IsValid=true, Min=(X=3426.329 Y=2044.362 Z=20.000), Max=(X=3546.329 Y=2164.362 Z=140.000) RuntimeGrid:None EditorOnly:0 RuntimeOnly:0 HLODRelevant:0 FolderPath:BP_Star FolderGuid:E40C7DAF42A612D7FE288FBD2D02D652
 |   |   |- Guid:CBACB4C047E4D0478A82F99E73F70B85 BaseClass:/Game/Actor/BP_Tide/BP_Tide_0.BP_Tide_0_C NativeClass:/Script/Engine.Actor Name:BP_Tide_0_C_UAID_A8A159B5737F5F9F01_1544252788 Label:BP_Tide_0 SpatiallyLoaded:1 Bounds:IsValid=true, Min=(X=1150.000 Y=450.000 Z=50.000), Max=(X=1350.000 Y=650.000 Z=60.000) RuntimeGrid:None EditorOnly:0 RuntimeOnly:0 HLODRelevant:0 FolderPath:BP_Tide FolderGuid:7E3850754142053E09F0419FC7920298
 |   |   |- Guid:CCFF262C46EEFFDF319E7F9539CE697E BaseClass: NativeClass:/Script/Engine.SkyAtmosphere Name:SkyAtmosphere_0 Label:SkyAtmosphere SpatiallyLoaded:0 Bounds:IsValid=true, Min=(X=0.000 Y=0.000 Z=1020.000), Max=(X=0.000 Y=0.000 Z=1020.000) RuntimeGrid:None EditorOnly:0 RuntimeOnly:0 HLODRelevant:0 FolderPath:Lighting FolderGuid:963EC3EB4002CCE9759E2EBA541A873A
 |   |   |- Guid:D9F65678415B35E4A685BAAD9073C227 BaseClass:/Game/Actor/BP_Obstacle.BP_Obstacle_C NativeClass:/Script/Engine.Actor Name:BP_Obstacle_C_UAID_A8A159B5737F739F01_1355871313 Label:BP_Obstacle SpatiallyLoaded:1 Bounds:IsValid=true, Min=(X=6100.000 Y=2300.000 Z=50.000), Max=(X=6600.000 Y=2800.000 Z=550.000) RuntimeGrid:None EditorOnly:0 RuntimeOnly:0 HLODRelevant:0
 |   |   |- Guid:EC4E0C944CE6AC6E784BC6BB2916EA13 BaseClass: NativeClass:/Script/Engine.StaticMeshActor Name:StaticMeshActor_UAID_A4AE111137DC5EFB00_1110535423 Label:SM_SkySphere SpatiallyLoaded:0 Bounds:IsValid=true, Min=(X=-1638400.000 Y=-1638400.000 Z=-1638400.000), Max=(X=1638400.000 Y=1638400.000 Z=1638400.000) RuntimeGrid:None EditorOnly:0 RuntimeOnly:0 HLODRelevant:1 FolderPath:Lighting FolderGuid:963EC3EB4002CCE9759E2EBA541A873A
 |   |   |- Guid:F1924B8D48954B30891B2DB6A694F9CC BaseClass: NativeClass:/Script/Engine.StaticMeshActor Name:StaticMeshActor_1 Label:SM_Cube SpatiallyLoaded:1 Bounds:IsValid=true, Min=(X=0.000 Y=0.000 Z=-50.000), Max=(X=1000.000 Y=1000.000 Z=50.000) RuntimeGrid:None EditorOnly:0 RuntimeOnly:0 HLODRelevant:1 FolderGuid:C73F09FC4215536B1DCE2A9E0A830C70
 |   |   |- Guid:F5E3FEB3450C49844FD93DA8E083C8AD BaseClass: NativeClass:/Script/Engine.PostProcessVolume Name:PostProcessVolume_0 Label:PostProcessVolume SpatiallyLoaded:0 Bounds:IsValid=true, Min=(X=0.000 Y=0.000 Z=400.000), Max=(X=200.000 Y=200.000 Z=600.000) RuntimeGrid:None EditorOnly:0 RuntimeOnly:0 HLODRelevant:0 FolderPath:Lighting FolderGuid:963EC3EB4002CCE9759E2EBA541A873A
 |   |   |- Guid:FB2B52294B7340DCA032C6B4B010D131 BaseClass:/Game/Actor/BP_Tide/BP_Tide_4.BP_Tide_4_C NativeClass:/Script/Engine.Actor Name:BP_Tide_4_C_UAID_A8A159B5737F5F9F01_1297023785 Label:BP_Tide_4 SpatiallyLoaded:1 Bounds:IsValid=true, Min=(X=2150.000 Y=400.000 Z=0.000), Max=(X=2350.000 Y=600.000 Z=10.000) RuntimeGrid:None EditorOnly:0 RuntimeOnly:0 HLODRelevant:0 FolderPath:BP_Tide FolderGuid:7E3850754142053E09F0419FC7920298
 |   |   |- Guid:FBD077EE436301DE3FDCB1B7215C7FE1 BaseClass:/Game/Actor/BP_TwoTone_Base.BP_TwoTone_Base_C NativeClass:/Script/Engine.Actor Name:BP_TwoTone_C_UAID_A8A159B5737F729F01_2074914131 Label:BP_TwoTone4 SpatiallyLoaded:1 Bounds:IsValid=true, Min=(X=5633.932 Y=1427.861 Z=49.162), Max=(X=5933.932 Y=1727.861 Z=73.162) RuntimeGrid:None EditorOnly:0 RuntimeOnly:0 HLODRelevant:0 FolderPath:BP_TwoTone FolderGuid:513D28EF45B4F21966F4E686C3E25C81
 |   |- [+] Clusters:
 |   |   |- [+] [  0]
 |   |   |   |- Guid:6BAF4DDD444C60371492D3919DB42C97 BaseClass: NativeClass:/Script/Engine.WorldDataLayers Name:WorldDataLayers Label:WorldDataLayers SpatiallyLoaded:0 Bounds:IsValid=true, Min=(X=0.000 Y=0.000 Z=0.000), Max=(X=0.000 Y=0.000 Z=0.000) RuntimeGrid:None EditorOnly:0 RuntimeOnly:0 HLODRelevant:0
 |   |   |- [+] [  1]
 |   |   |   |- Guid:F5E3FEB3450C49844FD93DA8E083C8AD BaseClass: NativeClass:/Script/Engine.PostProcessVolume Name:PostProcessVolume_0 Label:PostProcessVolume SpatiallyLoaded:0 Bounds:IsValid=true, Min=(X=0.000 Y=0.000 Z=400.000), Max=(X=200.000 Y=200.000 Z=600.000) RuntimeGrid:None EditorOnly:0 RuntimeOnly:0 HLODRelevant:0 FolderPath:Lighting FolderGuid:963EC3EB4002CCE9759E2EBA541A873A
 |   |   |- [+] [  2]
 |   |   |   |- Guid:50C34ED34A2C03628829D7B7BEF954E1 BaseClass: NativeClass:/Script/Engine.StaticMeshActor Name:StaticMeshActor_UAID_A8A159B5737F6D9F01_1836079247 Label:SM_Cube3 SpatiallyLoaded:1 Bounds:IsValid=true, Min=(X=3250.000 Y=2860.000 Z=-50.000), Max=(X=3750.000 Y=3360.000 Z=50.000) RuntimeGrid:None EditorOnly:0 RuntimeOnly:0 HLODRelevant:1
 |   |   |- [+] [  3]
 |   |   |   |- Guid:66FC32B84CD77CB7B2BE3CB2E9E20B19 BaseClass:/Game/Actor/BP_TwoTone_Base.BP_TwoTone_Base_C NativeClass:/Script/Engine.Actor Name:BP_TwoTone_C_UAID_A8A159B5737F729F01_2068415130 Label:BP_TwoTone3 SpatiallyLoaded:1 Bounds:IsValid=true, Min=(X=5133.932 Y=1427.861 Z=49.162), Max=(X=5433.932 Y=1727.861 Z=73.162) RuntimeGrid:None EditorOnly:0 RuntimeOnly:0 HLODRelevant:0 FolderPath:BP_TwoTone FolderGuid:513D28EF45B4F21966F4E686C3E25C81
 |   |   |- [+] [  4]
 |   |   |   |- Guid:4D3BE93F4146AAAC8BBE79999D96D57F BaseClass: NativeClass:/Script/Engine.VolumetricCloud Name:VolumetricCloud_0 Label:VolumetricCloud SpatiallyLoaded:0 Bounds:IsValid=true, Min=(X=0.000 Y=0.000 Z=820.000), Max=(X=0.000 Y=0.000 Z=820.000) RuntimeGrid:None EditorOnly:0 RuntimeOnly:0 HLODRelevant:0 FolderPath:Lighting FolderGuid:963EC3EB4002CCE9759E2EBA541A873A
 |   |   |- [+] [  5]
 |   |   |   |- Guid:9E1D24CA436F34A6212CF9B72C67A731 BaseClass:/Game/Actor/BP_Star.BP_Star_C NativeClass:/Script/Engine.Actor Name:BP_Star_C_UAID_A8A159B5737F629F01_1596238319 Label:BP_Star SpatiallyLoaded:1 Bounds:IsValid=true, Min=(X=4140.000 Y=1740.000 Z=20.000), Max=(X=4260.000 Y=1860.000 Z=140.000) RuntimeGrid:None EditorOnly:0 RuntimeOnly:0 HLODRelevant:0 FolderPath:BP_Star FolderGuid:E40C7DAF42A612D7FE288FBD2D02D652
 |   |   |- [+] [  6]
 |   |   |   |- Guid:CCFF262C46EEFFDF319E7F9539CE697E BaseClass: NativeClass:/Script/Engine.SkyAtmosphere Name:SkyAtmosphere_0 Label:SkyAtmosphere SpatiallyLoaded:0 Bounds:IsValid=true, Min=(X=0.000 Y=0.000 Z=1020.000), Max=(X=0.000 Y=0.000 Z=1020.000) RuntimeGrid:None EditorOnly:0 RuntimeOnly:0 HLODRelevant:0 FolderPath:Lighting FolderGuid:963EC3EB4002CCE9759E2EBA541A873A
 |   |   |- [+] [  7]
 |   |   |   |- Guid:EC4E0C944CE6AC6E784BC6BB2916EA13 BaseClass: NativeClass:/Script/Engine.StaticMeshActor Name:StaticMeshActor_UAID_A4AE111137DC5EFB00_1110535423 Label:SM_SkySphere SpatiallyLoaded:0 Bounds:IsValid=true, Min=(X=-1638400.000 Y=-1638400.000 Z=-1638400.000), Max=(X=1638400.000 Y=1638400.000 Z=1638400.000) RuntimeGrid:None EditorOnly:0 RuntimeOnly:0 HLODRelevant:1 FolderPath:Lighting FolderGuid:963EC3EB4002CCE9759E2EBA541A873A
 |   |   |- [+] [  8]
 |   |   |   |- Guid:6AB9324D41F3F267CDAFBC9A6E6390D3 BaseClass:/Game/Actor/BP_Tide/BP_Tide_6.BP_Tide_6_C NativeClass:/Script/Engine.Actor Name:BP_Tide_6_C_UAID_A8A159B5737F5F9F01_1331095787 Label:BP_Tide_6 SpatiallyLoaded:1 Bounds:IsValid=true, Min=(X=2850.000 Y=400.000 Z=0.000), Max=(X=3050.000 Y=600.000 Z=10.000) RuntimeGrid:None EditorOnly:0 RuntimeOnly:0 HLODRelevant:0 FolderPath:BP_Tide FolderGuid:7E3850754142053E09F0419FC7920298
 |   |   |- [+] [  9]
 |   |   |   |- Guid:1FA829B54AE526DA973FDA99198F0E11 BaseClass:/Game/Actor/BP_Tide/BP_Tide_2.BP_Tide_2_C NativeClass:/Script/Engine.Actor Name:BP_Tide_2_C_UAID_A8A159B5737F5F9F01_1261356783 Label:BP_Tide_2 SpatiallyLoaded:1 Bounds:IsValid=true, Min=(X=1477.176 Y=399.381 Z=1.176), Max=(X=1677.176 Y=599.381 Z=11.176) RuntimeGrid:None EditorOnly:0 RuntimeOnly:0 HLODRelevant:0 FolderPath:BP_Tide FolderGuid:7E3850754142053E09F0419FC7920298
 |   |   |- [+] [ 10]
 |   |   |   |- Guid:3E4700A3467E9C735D8DA7BCD11B7C8F BaseClass:/Game/Actor/BP_Rotation.BP_Rotation_C NativeClass:/Script/Engine.Actor Name:BP_Rotation_C_UAID_A8A159B5737F5F9F01_1730443789 Label:BP_Rotation SpatiallyLoaded:1 Bounds:IsValid=true, Min=(X=2670.000 Y=970.000 Z=40.000), Max=(X=4330.000 Y=2630.000 Z=550.000) RuntimeGrid:None EditorOnly:0 RuntimeOnly:0 HLODRelevant:0
 |   |   |- [+] [ 11]
 |   |   |   |- Guid:599CDBDA44AAF1CDF7207CA32C51E631 BaseClass:/Game/Actor/BP_TwoTone_Base.BP_TwoTone_Base_C NativeClass:/Script/Engine.Actor Name:BP_TwoTone_C_UAID_A8A159B5737F729F01_2096681135 Label:BP_TwoTone8 SpatiallyLoaded:1 Bounds:IsValid=true, Min=(X=5133.932 Y=1877.861 Z=49.162), Max=(X=5433.932 Y=2177.861 Z=73.162) RuntimeGrid:None EditorOnly:0 RuntimeOnly:0 HLODRelevant:0 FolderPath:BP_TwoTone FolderGuid:513D28EF45B4F21966F4E686C3E25C81
 |   |   |- [+] [ 12]
 |   |   |   |- Guid:B785ED2844B84CFB91E7F39FE661CD99 BaseClass: NativeClass:/Script/Engine.DirectionalLight Name:DirectionalLight_0 Label:DirectionalLight SpatiallyLoaded:0 Bounds:IsValid=true, Min=(X=-1048576.000 Y=-1048576.000 Z=-1048576.000), Max=(X=1048576.000 Y=1048576.000 Z=1048576.000) RuntimeGrid:None EditorOnly:0 RuntimeOnly:0 HLODRelevant:0 FolderPath:Lighting FolderGuid:963EC3EB4002CCE9759E2EBA541A873A
 |   |   |- [+] [ 13]
 |   |   |   |- Guid:9506765C4C7C0E70565EDDA124162B53 BaseClass:/Game/Actor/BP_TwoTone_Base.BP_TwoTone_Base_C NativeClass:/Script/Engine.Actor Name:BP_TwoTone_C_UAID_A8A159B5737F6F9F01_1540565600 Label:BP_TwoTone SpatiallyLoaded:1 Bounds:IsValid=true, Min=(X=5633.932 Y=977.861 Z=49.162), Max=(X=5933.932 Y=1277.861 Z=73.162) RuntimeGrid:None EditorOnly:0 RuntimeOnly:0 HLODRelevant:0 FolderPath:BP_TwoTone FolderGuid:513D28EF45B4F21966F4E686C3E25C81
 |   |   |- [+] [ 14]
 |   |   |   |- Guid:D9F65678415B35E4A685BAAD9073C227 BaseClass:/Game/Actor/BP_Obstacle.BP_Obstacle_C NativeClass:/Script/Engine.Actor Name:BP_Obstacle_C_UAID_A8A159B5737F739F01_1355871313 Label:BP_Obstacle SpatiallyLoaded:1 Bounds:IsValid=true, Min=(X=6100.000 Y=2300.000 Z=50.000), Max=(X=6600.000 Y=2800.000 Z=550.000) RuntimeGrid:None EditorOnly:0 RuntimeOnly:0 HLODRelevant:0
 |   |   |- [+] [ 15]
 |   |   |   |- Guid:CBACB4C047E4D0478A82F99E73F70B85 BaseClass:/Game/Actor/BP_Tide/BP_Tide_0.BP_Tide_0_C NativeClass:/Script/Engine.Actor Name:BP_Tide_0_C_UAID_A8A159B5737F5F9F01_1544252788 Label:BP_Tide_0 SpatiallyLoaded:1 Bounds:IsValid=true, Min=(X=1150.000 Y=450.000 Z=50.000), Max=(X=1350.000 Y=650.000 Z=60.000) RuntimeGrid:None EditorOnly:0 RuntimeOnly:0 HLODRelevant:0 FolderPath:BP_Tide FolderGuid:7E3850754142053E09F0419FC7920298
 |   |   |- [+] [ 16]
 |   |   |   |- Guid:0DF72B0B438300673D0BC39A3F64AF13 BaseClass:/Game/Actor/BP_Tide/BP_Tide_5.BP_Tide_5_C NativeClass:/Script/Engine.Actor Name:BP_Tide_5_C_UAID_A8A159B5737F5F9F01_1321798786 Label:BP_Tide_5 SpatiallyLoaded:1 Bounds:IsValid=true, Min=(X=2500.000 Y=400.000 Z=0.000), Max=(X=2700.000 Y=600.000 Z=10.000) RuntimeGrid:None EditorOnly:0 RuntimeOnly:0 HLODRelevant:0 FolderPath:BP_Tide FolderGuid:7E3850754142053E09F0419FC7920298
 |   |   |- [+] [ 17]
 |   |   |   |- Guid:316CF2A6494ACA4C0E4180A87D36AB8F BaseClass: NativeClass:/Script/Engine.ExponentialHeightFog Name:ExponentialHeightFog_0 Label:ExponentialHeightFog SpatiallyLoaded:0 Bounds:IsValid=true, Min=(X=-5600.000 Y=-50.000 Z=-6850.000), Max=(X=-5600.000 Y=-50.000 Z=-6850.000) RuntimeGrid:None EditorOnly:0 RuntimeOnly:0 HLODRelevant:0 FolderPath:Lighting FolderGuid:963EC3EB4002CCE9759E2EBA541A873A
 |   |   |- [+] [ 18]
 |   |   |   |- Guid:FB2B52294B7340DCA032C6B4B010D131 BaseClass:/Game/Actor/BP_Tide/BP_Tide_4.BP_Tide_4_C NativeClass:/Script/Engine.Actor Name:BP_Tide_4_C_UAID_A8A159B5737F5F9F01_1297023785 Label:BP_Tide_4 SpatiallyLoaded:1 Bounds:IsValid=true, Min=(X=2150.000 Y=400.000 Z=0.000), Max=(X=2350.000 Y=600.000 Z=10.000) RuntimeGrid:None EditorOnly:0 RuntimeOnly:0 HLODRelevant:0 FolderPath:BP_Tide FolderGuid:7E3850754142053E09F0419FC7920298
 |   |   |- [+] [ 19]
 |   |   |   |- Guid:F1924B8D48954B30891B2DB6A694F9CC BaseClass: NativeClass:/Script/Engine.StaticMeshActor Name:StaticMeshActor_1 Label:SM_Cube SpatiallyLoaded:1 Bounds:IsValid=true, Min=(X=0.000 Y=0.000 Z=-50.000), Max=(X=1000.000 Y=1000.000 Z=50.000) RuntimeGrid:None EditorOnly:0 RuntimeOnly:0 HLODRelevant:1 FolderGuid:C73F09FC4215536B1DCE2A9E0A830C70
 |   |   |- [+] [ 20]
 |   |   |   |- Guid:5BF41FEE4762CD336D5B33BCCC804FB5 BaseClass: NativeClass:/Script/Engine.StaticMeshActor Name:StaticMeshActor_UAID_A8A159B5737F5F9F01_1765625790 Label:SM_Cube2 SpatiallyLoaded:1 Bounds:IsValid=true, Min=(X=3250.000 Y=250.000 Z=-50.000), Max=(X=5925.000 Y=750.000 Z=50.000) RuntimeGrid:None EditorOnly:0 RuntimeOnly:0 HLODRelevant:1
 |   |   |- [+] [ 21]
 |   |   |   |- Guid:A15F5B144DDA22BA1FCBC9AE1AFE5F30 BaseClass:/Game/Actor/BP_Tide/BP_Tide_3.BP_Tide_3_C NativeClass:/Script/Engine.Actor Name:BP_Tide_3_C_UAID_A8A159B5737F5F9F01_1274736784 Label:BP_Tide_3 SpatiallyLoaded:1 Bounds:IsValid=true, Min=(X=1800.000 Y=400.000 Z=0.000), Max=(X=2000.000 Y=600.000 Z=10.000) RuntimeGrid:None EditorOnly:0 RuntimeOnly:0 HLODRelevant:0 FolderPath:BP_Tide FolderGuid:7E3850754142053E09F0419FC7920298
 |   |   |- [+] [ 22]
 |   |   |   |- Guid:17B5947540D8AC4F93C7F284F12C8E05 BaseClass:/Game/Actor/BP_TwoTone_Base.BP_TwoTone_Base_C NativeClass:/Script/Engine.Actor Name:BP_TwoTone_C_UAID_A8A159B5737F729F01_2050354129 Label:BP_TwoTone2 SpatiallyLoaded:1 Bounds:IsValid=true, Min=(X=5133.932 Y=977.861 Z=49.162), Max=(X=5433.932 Y=1277.861 Z=73.162) RuntimeGrid:None EditorOnly:0 RuntimeOnly:0 HLODRelevant:0 FolderPath:BP_TwoTone FolderGuid:513D28EF45B4F21966F4E686C3E25C81
 |   |   |- [+] [ 23]
 |   |   |   |- Guid:2FB58999456391D349DC0F86DAC136ED BaseClass: NativeClass:/Script/Engine.SkyLight Name:SkyLight_1 Label:SkyLight SpatiallyLoaded:0 Bounds:IsValid=true, Min=(X=0.000 Y=0.000 Z=690.000), Max=(X=0.000 Y=0.000 Z=690.000) RuntimeGrid:None EditorOnly:0 RuntimeOnly:0 HLODRelevant:0 FolderPath:Lighting FolderGuid:963EC3EB4002CCE9759E2EBA541A873A
 |   |   |- [+] [ 24]
 |   |   |   |- Guid:C463AFB241A43890420AAC88DBD91E62 BaseClass:/Game/Actor/BP_Star.BP_Star_C NativeClass:/Script/Engine.Actor Name:BP_Star_C_UAID_A8A159B5737F639F01_1141111496 Label:BP_Star2 SpatiallyLoaded:1 Bounds:IsValid=true, Min=(X=3426.329 Y=2044.362 Z=20.000), Max=(X=3546.329 Y=2164.362 Z=140.000) RuntimeGrid:None EditorOnly:0 RuntimeOnly:0 HLODRelevant:0 FolderPath:BP_Star FolderGuid:E40C7DAF42A612D7FE288FBD2D02D652
 |   |   |- [+] [ 25]
 |   |   |   |- Guid:34785C5E4F380A13D0B8A483610E1122 BaseClass:/Game/Actor/BP_TwoTone_Base.BP_TwoTone_Base_C NativeClass:/Script/Engine.Actor Name:BP_TwoTone_C_UAID_A8A159B5737F729F01_2084352133 Label:BP_TwoTone6 SpatiallyLoaded:1 Bounds:IsValid=true, Min=(X=6133.932 Y=1877.861 Z=49.162), Max=(X=6433.932 Y=2177.861 Z=73.162) RuntimeGrid:None EditorOnly:0 RuntimeOnly:0 HLODRelevant:0 FolderPath:BP_TwoTone FolderGuid:513D28EF45B4F21966F4E686C3E25C81
 |   |   |- [+] [ 26]
 |   |   |   |- Guid:FBD077EE436301DE3FDCB1B7215C7FE1 BaseClass:/Game/Actor/BP_TwoTone_Base.BP_TwoTone_Base_C NativeClass:/Script/Engine.Actor Name:BP_TwoTone_C_UAID_A8A159B5737F729F01_2074914131 Label:BP_TwoTone4 SpatiallyLoaded:1 Bounds:IsValid=true, Min=(X=5633.932 Y=1427.861 Z=49.162), Max=(X=5933.932 Y=1727.861 Z=73.162) RuntimeGrid:None EditorOnly:0 RuntimeOnly:0 HLODRelevant:0 FolderPath:BP_TwoTone FolderGuid:513D28EF45B4F21966F4E686C3E25C81
 |   |   |- [+] [ 27]
 |   |   |   |- Guid:5CB3507646377DE66B5D64A81DE42269 BaseClass:/Game/Player/BP_Player.BP_Player_C NativeClass:/Script/Engine.Character Name:BP_Player_C_UAID_A8A159B5737F589F01_1619812553 Label:BP_Player SpatiallyLoaded:1 Bounds:IsValid=true, Min=(X=475.274 Y=621.000 Z=44.540), Max=(X=556.031 Y=681.520 Z=165.000) RuntimeGrid:None EditorOnly:0 RuntimeOnly:0 HLODRelevant:0 FolderPath:Player FolderGuid:FE20389B480AFA2A6ADE4EA66E66C4C6
 |   |   |- [+] [ 28]
 |   |   |   |- Guid:43E146FA4DBB3F23F6A4C0B6804C0EE7 BaseClass:/Game/Actor/BP_TwoTone_Base.BP_TwoTone_Base_C NativeClass:/Script/Engine.Actor Name:BP_TwoTone_C_UAID_A8A159B5737F729F01_2079067132 Label:BP_TwoTone5 SpatiallyLoaded:1 Bounds:IsValid=true, Min=(X=6133.932 Y=1427.861 Z=49.162), Max=(X=6433.932 Y=1727.861 Z=73.162) RuntimeGrid:None EditorOnly:0 RuntimeOnly:0 HLODRelevant:0 FolderPath:BP_TwoTone FolderGuid:513D28EF45B4F21966F4E686C3E25C81
 |   |   |- [+] [ 29]
 |   |   |   |- Guid:B135875F4AF07DE3AA8F2E86B41D0B19 BaseClass:/Game/Actor/BP_TwoTone_Base.BP_TwoTone_Base_C NativeClass:/Script/Engine.Actor Name:BP_TwoTone_C_UAID_A8A159B5737F729F01_2094577134 Label:BP_TwoTone7 SpatiallyLoaded:1 Bounds:IsValid=true, Min=(X=5633.932 Y=1877.861 Z=49.162), Max=(X=5933.932 Y=2177.861 Z=73.162) RuntimeGrid:None EditorOnly:0 RuntimeOnly:0 HLODRelevant:0 FolderPath:BP_TwoTone FolderGuid:513D28EF45B4F21966F4E686C3E25C81
 |   |   |- [+] [ 30]
 |   |   |   |- Guid:7CC6357E47361CEECB6C44BF2E10D5B9 BaseClass: NativeClass:/Script/Engine.StaticMeshActor Name:StaticMeshActor_UAID_A8A159B5737F729F01_2110180136 Label:SM_Cube4 SpatiallyLoaded:1 Bounds:IsValid=true, Min=(X=6100.000 Y=2310.000 Z=-50.000), Max=(X=6600.000 Y=5110.000 Z=50.000) RuntimeGrid:None EditorOnly:0 RuntimeOnly:0 HLODRelevant:1
 |   |   |- [+] [ 31]
 |   |   |   |- Guid:A5228B6B426655C3B2DB699FF2E5D1A5 BaseClass:/Game/Actor/BP_Overturn.BP_Overturn_C NativeClass:/Script/Engine.Actor Name:BP_Overturn_C_UAID_A8A159B5737F04A001_1653772036 Label:BP_Overturn SpatiallyLoaded:1 Bounds:IsValid=true, Min=(X=300.000 Y=1100.000 Z=50.000), Max=(X=700.000 Y=1500.000 Z=71.000) RuntimeGrid:None EditorOnly:0 RuntimeOnly:0 HLODRelevant:0
 |- ContainerInstances:
 |- [+] MainContainer:
 |   |-        ID: 0x0000000000000000
 |   |-    Bounds: IsValid=false, Min=(X=0.000 Y=0.000 Z=0.000), Max=(X=0.000 Y=0.000 Z=0.000)
 |   |- Transform: 0.000000,0.000000,0.000000|0.000000,0.000000,-0.000000|1.000000,1.000000,1.000000
 |   |- Container: /Game/ThirdPerson/Maps/ThirdPersonMap
----------------------------------------------------------------------------------------------------------------
ThirdPersonMap - Persistent Level
----------------------------------------------------------------------------------------------------------------
Always loaded Actor Count: 49 

----------------------------------------------------------------------------------------------------------------
ThirdPersonMap - Runtime Spatial Hash - Streaming Grid - MainGrid
----------------------------------------------------------------------------------------------------------------
            Origin: X=0.000 Y=0.000 Z=0.000
         Cell Size: 12800
      World Bounds: IsValid=false, Min=(X=0.000 Y=0.000 Z=0.000), Max=(X=0.000 Y=0.000 Z=0.000)
     Loading Range: 25600.00
Block Slow Loading: No
 ClientOnlyVisible: No

[+] Grid Levels: 1
 |- Level  0: Cell Count    0 | Cell Size   12800 | Actor Count    0 (0.0%)

[+] Content of Grid Level 0

